2023-05-16 10:19:32 info: GET 404 /admin/admin-validation 346.308 ms

2023-05-16 10:21:14 info: GET 404 /admin/admin-validation 101.922 ms

2023-05-16 10:22:06 info: GET 404 /admin/admin-validation 77.640 ms

2023-05-16 10:24:52 info: OPTIONS 204 /join 1.796 ms

2023-05-16 10:24:52 info: POST 200 /join 131.653 ms

2023-05-16 10:25:00 info: GET 200 /admin/admin-validation 16.827 ms

2023-05-16 10:27:24 info: OPTIONS 204 /admin/access_token 2.377 ms

2023-05-16 10:27:24 info: POST 404 /admin/access_token 15.093 ms

2023-05-16 10:28:15 info: GET 304 /admin/admin-validation 30.267 ms

2023-05-16 10:28:15 info: GET 304 /admin/admin-validation 10.907 ms

2023-05-16 10:28:17 info: OPTIONS 204 /admin/access_token 0.264 ms

2023-05-16 10:28:17 info: POST 404 /admin/access_token 2.885 ms

2023-05-16 10:28:46 info: GET 304 /admin/admin-validation 4.684 ms

2023-05-16 10:29:17 info: OPTIONS 204 /admin/access_token 1.805 ms

2023-05-16 10:29:17 info: POST 404 /admin/access_token 20.922 ms

2023-05-16 10:30:39 info: OPTIONS 204 /admin/access_token 2.057 ms

2023-05-16 10:30:39 info: POST 404 /admin/access_token 21.905 ms

2023-05-16 10:32:58 info: GET 304 /admin/admin-validation 26.273 ms

2023-05-16 10:32:59 info: OPTIONS 204 /admin/access_token 0.256 ms

2023-05-16 10:32:59 info: POST 404 /admin/access_token 3.741 ms

2023-05-16 10:35:34 info: OPTIONS 204 /admin/access_token 2.177 ms

2023-05-16 10:35:34 info: POST 200 /admin/access_token 20.243 ms

2023-05-16 10:42:47 info: OPTIONS 204 /admin/access_token 2.061 ms

2023-05-16 10:42:47 info: POST 404 /admin/access_token 60.973 ms

2023-05-16 10:53:04 info: GET 304 /admin/admin-validation 21.598 ms

2023-05-16 10:53:11 info: GET 304 /admin/admin-validation 4.004 ms

2023-05-16 10:53:15 info: OPTIONS 204 /admin/access_token 0.286 ms

2023-05-16 10:53:15 info: POST 404 /admin/access_token 13.410 ms

2023-05-16 10:53:19 info: POST 404 /admin/access_token 13.303 ms

2023-05-16 10:53:46 info: OPTIONS 204 /admin/access_token 0.367 ms

2023-05-16 10:53:46 info: POST 200 /admin/access_token 1.660 ms

2023-05-16 10:54:02 info: OPTIONS 204 /admin/access_token 0.349 ms

2023-05-16 10:54:02 info: POST 200 /admin/access_token 0.844 ms

2023-05-16 10:54:51 info: GET 304 /admin/admin-validation 3.955 ms

2023-05-16 10:54:58 info: GET 304 /admin/admin-validation 4.484 ms

2023-05-16 10:55:21 info: GET 304 /admin/admin-validation 5.592 ms

2023-05-16 10:55:45 info: GET 304 /admin/admin-validation 81.580 ms

2023-05-16 10:55:50 info: GET 304 /admin/admin-validation 11.696 ms

2023-05-16 10:55:52 info: GET 304 /admin/admin-validation 23.074 ms

2023-05-16 10:56:02 info: GET 304 /admin/admin-validation 4.938 ms

2023-05-16 10:56:18 info: GET 304 /admin/admin-validation 2.769 ms

2023-05-16 10:56:26 info: GET 304 /admin/admin-validation 7.727 ms

2023-05-16 10:56:36 info: GET 304 /admin/admin-validation 3.904 ms

2023-05-16 10:56:55 info: GET 304 /admin/admin-validation 4.186 ms

2023-05-16 10:57:37 info: GET 304 /admin/admin-validation 12.800 ms

2023-05-16 10:57:55 info: GET 304 /admin/admin-validation 3.114 ms

2023-05-16 10:58:06 info: GET 304 /admin/admin-validation 4.213 ms

2023-05-16 10:58:42 info: GET 304 /admin/admin-validation 13.193 ms

2023-05-16 10:58:45 info: GET 304 /admin/admin-validation 6.514 ms

2023-05-16 10:58:55 info: GET 304 /admin/admin-validation 4.536 ms

2023-05-16 10:59:07 info: GET 304 /admin/admin-validation 3.099 ms

2023-05-16 10:59:36 info: GET 304 /admin/admin-validation 5.293 ms

2023-05-16 10:59:47 info: GET 304 /admin/admin-validation 3.843 ms

2023-05-16 11:00:02 info: OPTIONS 204 /admin/access_token 1.044 ms

2023-05-16 11:00:02 info: POST 404 /admin/access_token 55.708 ms

2023-05-16 11:00:17 info: GET 304 /admin/admin-validation 4.273 ms

2023-05-16 11:00:17 info: OPTIONS 204 /admin/access_token 0.214 ms

2023-05-16 11:00:17 info: POST 404 /admin/access_token 9.107 ms

2023-05-16 11:00:19 info: POST 404 /admin/access_token 10.904 ms

2023-05-16 11:00:20 info: POST 404 /admin/access_token 9.763 ms

2023-05-16 11:00:23 info: GET 304 /admin/admin-validation 4.713 ms

2023-05-16 11:00:28 info: OPTIONS 204 /admin/access_token 0.174 ms

2023-05-16 11:00:28 info: POST 404 /admin/access_token 53.654 ms

2023-05-16 11:00:29 info: POST 404 /admin/access_token 7.171 ms

2023-05-16 11:00:29 info: POST 404 /admin/access_token 12.023 ms

2023-05-16 11:00:29 info: POST 404 /admin/access_token 13.378 ms

2023-05-16 11:01:04 info: GET 304 /admin/admin-validation 36.681 ms

2023-05-16 11:01:05 info: OPTIONS 204 /admin/access_token 0.171 ms

2023-05-16 11:01:05 info: POST 200 /admin/access_token 0.765 ms

2023-05-16 11:01:31 info: GET 304 /admin/admin-validation 5.811 ms

2023-05-16 11:01:35 info: GET 304 /admin/admin-validation 19.728 ms

2023-05-16 11:01:49 info: GET 304 /admin/admin-validation 6.641 ms

2023-05-16 11:02:02 info: GET 304 /admin/admin-validation 2.994 ms

2023-05-16 11:02:10 info: GET 304 /admin/admin-validation 4.699 ms

2023-05-16 11:02:22 info: GET 304 /admin/admin-validation 62.386 ms

2023-05-16 11:02:40 info: GET 304 /admin/admin-validation 67.328 ms

2023-05-16 11:02:43 info: OPTIONS 204 /admin/access_token 0.220 ms

2023-05-16 11:02:43 info: POST 200 /admin/access_token 1.785 ms

2023-05-16 11:03:00 info: GET 304 /admin/admin-validation 29.070 ms

2023-05-16 11:03:04 info: GET 304 /admin/admin-validation 4.742 ms

2023-05-16 11:03:10 info: GET 304 /admin/admin-validation 5.592 ms

2023-05-16 11:03:20 info: GET 304 /admin/admin-validation 11.818 ms

2023-05-16 11:03:24 info: GET 304 /admin/admin-validation 5.264 ms

2023-05-16 11:03:24 info: GET 304 /admin/admin-validation 24.929 ms

2023-05-16 11:49:50 info: GET 304 /admin/admin-validation 54.091 ms

2023-05-16 11:50:00 info: OPTIONS 204 /admin/access_token 0.547 ms

2023-05-16 11:50:00 info: POST 200 /admin/access_token 15.534 ms

2023-05-16 11:51:20 info: GET 304 /admin/admin-validation 17.776 ms

2023-05-16 11:52:37 info: GET 304 /admin/admin-validation 10.329 ms

2023-05-16 11:53:00 info: GET 304 /admin/admin-validation 3.628 ms

2023-05-16 11:53:16 info: GET 304 /admin/admin-validation 3.434 ms

2023-05-16 11:53:35 info: GET 304 /admin/admin-validation 3.568 ms

2023-05-16 11:53:58 info: GET 304 /admin/admin-validation 41.178 ms

2023-05-16 11:54:00 info: GET 304 /admin/admin-validation 5.693 ms

2023-05-16 11:54:53 info: GET 304 /admin/admin-validation 6.772 ms

2023-05-16 11:56:10 info: GET 304 /admin/admin-validation 269.093 ms

2023-05-16 11:58:18 info: GET 304 /admin/admin-validation 17.450 ms

2023-05-16 11:59:56 info: GET 304 /admin/admin-validation 26.872 ms

2023-05-16 12:03:14 info: GET 304 /admin/admin-validation 23.816 ms

2023-05-16 12:03:15 info: GET 404 /admin/creator-registor 2.128 ms

2023-05-16 12:03:22 info: GET 404 /admin/creator-registor 0.870 ms

2023-05-16 12:03:24 info: GET 404 /admin/creator-registor 0.826 ms

2023-05-16 12:03:31 info: GET 404 /admin/creator-registor 2.496 ms

2023-05-16 12:03:32 info: GET 404 /admin/creator-registor 0.884 ms

2023-05-16 12:03:33 info: GET 404 /admin/creator-registor 0.682 ms

2023-05-16 12:03:35 info: GET 404 /admin/creator-registor 0.727 ms

2023-05-16 12:03:39 info: GET 404 /admin/creator-registor 0.926 ms

2023-05-16 12:03:41 info: GET 404 /admin/creator-registor 0.717 ms

2023-05-16 12:03:41 info: OPTIONS 204 /admin/access_token 0.640 ms

2023-05-16 12:03:41 info: POST 200 /admin/access_token 25.670 ms

2023-05-16 12:03:42 info: GET 404 /admin/creator-registor 0.773 ms

2023-05-16 12:03:44 info: GET 404 /admin/creator-registor 0.681 ms

2023-05-16 12:03:48 info: GET 404 /admin/creator-registor 0.520 ms

2023-05-16 12:08:24 info: GET 404 /admin/creator-registor 3.957 ms

2023-05-16 12:08:25 info: GET 404 /admin/creator-registor 0.972 ms

2023-05-16 12:08:51 info: GET 404 /admin/creator-registor 1.911 ms

2023-05-16 12:08:56 info: GET 304 /admin/admin-validation 58.075 ms

2023-05-16 12:08:57 info: GET 404 /admin/creator-registor 0.556 ms

2023-05-16 12:08:58 info: GET 404 /admin/creator-registor 0.613 ms

2023-05-16 12:09:00 info: OPTIONS 204 /admin/access_token 0.322 ms

2023-05-16 12:09:00 info: POST 200 /admin/access_token 2.138 ms

2023-05-16 12:09:00 info: GET 404 /admin/creator-registor 0.704 ms

2023-05-16 12:09:04 info: GET 404 /admin/creator-registor 0.666 ms

2023-05-16 12:10:40 info: GET 404 /admin/creator-registor 0.559 ms

2023-05-16 12:10:41 info: GET 404 /admin/creator-registor 0.543 ms

2023-05-16 12:11:18 info: GET 404 /admin/creator-registor 4.455 ms

2023-05-16 12:11:55 info: GET 404 /admin/creator-registor 47.024 ms

2023-05-16 12:11:56 info: GET 404 /admin/creator-registor 0.971 ms

2023-05-16 12:11:58 info: GET 404 /admin/creator-registor 0.832 ms

2023-05-16 12:12:03 info: GET 404 /admin/creator-registor 0.589 ms

2023-05-16 12:12:35 info: GET 404 /admin/creator-registor 0.684 ms

2023-05-16 12:12:42 info: GET 404 /admin/creator-registor 0.783 ms

2023-05-16 12:12:44 info: GET 404 /admin/creator-registor 0.527 ms

2023-05-16 12:12:51 info: GET 304 /admin/admin-validation 29.991 ms

2023-05-16 12:12:51 info: GET 404 /admin/creator-register 0.939 ms

2023-05-16 12:13:01 info: GET 404 /admin/creator-register 0.768 ms

2023-05-16 12:13:35 info: GET 304 /admin/admin-validation 60.869 ms

2023-05-16 12:13:43 info: OPTIONS 204 /admin/access_token 0.380 ms

2023-05-16 12:13:43 info: POST 200 /admin/access_token 26.513 ms

2023-05-16 12:13:49 info: GET 404 /admin/creator-register 0.930 ms

2023-05-16 12:13:50 info: GET 404 /admin/creator-register 0.734 ms

2023-05-16 12:13:52 info: GET 404 /admin/creator-register 0.618 ms

2023-05-16 12:13:56 info: GET 404 /admin/creator-register 0.534 ms

2023-05-16 12:14:56 info: GET 404 /admin/creator-register 9.814 ms

2023-05-16 12:15:02 info: GET 304 /admin/admin-validation 46.865 ms

2023-05-16 12:15:02 info: GET 404 /admin/creator-register 1.181 ms

2023-05-16 12:15:16 info: GET 404 /admin/creator-register 0.663 ms

2023-05-16 12:15:18 info: GET 404 /admin/creator-register 0.994 ms

2023-05-16 12:15:19 info: OPTIONS 204 /admin/access_token 0.391 ms

2023-05-16 12:15:19 info: POST 200 /admin/access_token 16.736 ms

2023-05-16 12:15:29 info: GET 404 /admin/creator-register 0.880 ms

2023-05-16 12:15:29 info: GET 404 /admin/creator-register 0.766 ms

2023-05-16 12:15:30 info: GET 404 /admin/creator-register 0.807 ms

2023-05-16 12:15:33 info: GET 404 /admin/creator-register 15.618 ms

2023-05-16 12:15:37 info: GET 404 /admin/creator-register 0.702 ms

2023-05-16 12:18:40 info: GET 404 /admin/creator-register 6.666 ms

2023-05-16 12:18:41 info: GET 404 /admin/creator-register 1.062 ms

2023-05-16 12:18:46 info: GET 304 /admin/admin-validation 21.939 ms

2023-05-16 12:18:47 info: GET 404 /admin/creator-register 0.585 ms

2023-05-16 12:18:48 info: GET 404 /admin/creator-register 2.251 ms

2023-05-16 12:18:50 info: GET 404 /admin/creator-register 1.034 ms

2023-05-16 12:18:53 info: OPTIONS 204 /admin/access_token 0.368 ms

2023-05-16 12:18:53 info: POST 200 /admin/access_token 15.405 ms

2023-05-16 12:18:54 info: GET 404 /admin/creator-register 0.767 ms

2023-05-16 12:19:27 info: GET 404 /admin/creator-register 6.691 ms

2023-05-16 12:19:28 info: GET 404 /admin/creator-register 1.241 ms

2023-05-16 12:19:51 info: GET 404 /admin/creator-register 11.314 ms

2023-05-16 12:20:01 info: GET 404 /admin/creator-register 1.645 ms

2023-05-16 12:20:24 info: GET 404 /admin/creator-register 2.878 ms

2023-05-16 12:20:25 info: GET 404 /admin/creator-register 1.215 ms

2023-05-16 12:20:28 info: GET 404 /admin/creator-register 1.567 ms

2023-05-16 12:20:36 info: GET 304 /admin/admin-validation 37.294 ms

2023-05-16 12:20:37 info: GET 404 /admin/creator-register 12.762 ms

2023-05-16 12:20:38 info: GET 404 /admin/creator-register 8.346 ms

2023-05-16 12:20:40 info: GET 404 /admin/creator-register 4.912 ms

2023-05-16 12:20:42 info: OPTIONS 204 /admin/access_token 0.654 ms

2023-05-16 12:20:42 info: POST 200 /admin/access_token 18.564 ms

2023-05-16 12:20:44 info: GET 404 /admin/creator-register 5.188 ms

2023-05-16 12:21:58 info: GET 404 /admin/creator-register 61.007 ms

2023-05-16 12:21:59 info: GET 404 /admin/creator-register 8.240 ms

2023-05-16 12:22:01 info: GET 404 /admin/creator-register 5.008 ms

2023-05-16 12:22:34 info: GET 404 /admin/creator-register 236.764 ms

2023-05-16 12:22:35 info: GET 404 /admin/creator-register 5.641 ms

2023-05-16 12:22:37 info: GET 404 /admin/creator-register 4.129 ms

2023-05-16 12:22:41 info: GET 404 /admin/creator-register 6.067 ms

2023-05-16 12:23:17 info: GET 404 /admin/creator-register 50.714 ms

2023-05-16 12:23:18 info: GET 404 /admin/creator-register 8.991 ms

2023-05-16 12:23:27 info: GET 404 /admin/creator-register 20.452 ms

2023-05-16 12:23:56 info: GET 404 /admin/creator-register 64.723 ms

2023-05-16 12:23:57 info: GET 404 /admin/creator-register 6.895 ms

2023-05-16 12:24:09 info: GET 404 /admin/creator-register 14.709 ms

2023-05-16 12:24:16 info: GET 304 /admin/admin-validation 7.120 ms

2023-05-16 12:24:16 info: GET 404 /admin/creator-register 8.673 ms

2023-05-16 12:24:30 info: GET 404 /admin/creator-register 52.281 ms

2023-05-16 12:24:32 info: GET 404 /admin/creator-register 6.593 ms

2023-05-16 12:24:32 info: OPTIONS 204 /admin/access_token 0.838 ms

2023-05-16 12:24:32 info: POST 200 /admin/access_token 17.156 ms

2023-05-16 12:24:36 info: GET 404 /admin/creator-register 4.380 ms

2023-05-16 12:24:55 info: GET 404 /admin/creator-register 15.331 ms

2023-05-16 12:24:56 info: GET 404 /admin/creator-register 5.033 ms

2023-05-16 12:24:58 info: GET 404 /admin/creator-register 5.892 ms

2023-05-16 12:25:31 info: GET 404 /admin/creator-register 127.054 ms

2023-05-16 12:25:48 info: GET 404 /admin/creator-register 104.651 ms

2023-05-16 12:25:49 info: GET 404 /admin/creator-register 7.985 ms

2023-05-16 12:25:51 info: GET 404 /admin/creator-register 5.587 ms

2023-05-16 12:26:02 info: GET 404 /admin/creator-register 25.215 ms

2023-05-16 12:26:29 info: GET 404 /admin/creator-register 143.919 ms

2023-05-16 12:26:30 info: GET 404 /admin/creator-register 8.642 ms

2023-05-16 12:26:32 info: GET 404 /admin/creator-register 5.689 ms

2023-05-16 12:26:36 info: GET 404 /admin/creator-register 5.449 ms

2023-05-16 12:26:57 info: GET 404 /admin/creator-register 9.791 ms

2023-05-16 12:26:58 info: GET 404 /admin/creator-register 5.777 ms

2023-05-16 12:27:00 info: GET 404 /admin/creator-register 7.589 ms

2023-05-16 12:28:05 info: GET 404 /admin/creator-register 71.134 ms

2023-05-16 12:28:35 info: GET 404 /admin/creator-register 33.781 ms

2023-05-16 12:28:56 info: GET - /admin/creator-register - ms

2023-05-16 12:29:00 info: GET 304 /admin/admin-validation 12.637 ms

2023-05-16 12:29:02 info: OPTIONS 204 /admin/access_token 0.469 ms

2023-05-16 12:29:02 info: POST 200 /admin/access_token 14.193 ms

2023-05-16 12:32:13 info: GET 404 /admin/creator-register 88.219 ms

2023-05-16 12:32:16 info: GET 404 /admin/creator-register 102.095 ms

2023-05-16 12:32:18 info: GET 404 /admin/creator-register 7.539 ms

2023-05-16 12:32:20 info: GET 404 /admin/creator-register 13.614 ms

2023-05-16 12:32:24 info: GET 404 /admin/creator-register 7.349 ms

2023-05-16 12:32:38 info: GET 200 /admin/creator-register 134.574 ms

2023-05-16 12:32:48 info: GET 304 /admin/creator-register 70.284 ms

2023-05-16 12:38:12 info: GET 304 /admin/admin-validation 63.132 ms

2023-05-16 12:38:12 info: GET 304 /admin/creator-register 6.168 ms

2023-05-16 12:44:38 info: GET 304 /admin/admin-validation 30.761 ms

2023-05-16 12:44:38 info: GET 304 /admin/creator-register 9.421 ms

2023-05-16 12:44:45 info: OPTIONS 204 /admin/access_token 0.521 ms

2023-05-16 12:44:45 info: POST 200 /admin/access_token 28.174 ms

2023-05-16 13:22:26 info: GET 304 /admin/creator-register 437.167 ms

2023-05-16 13:22:35 info: GET 304 /admin/creator-register 152.132 ms

2023-05-16 13:22:46 info: GET 304 /admin/admin-validation 9.623 ms

2023-05-16 13:22:47 info: GET 304 /admin/creator-register 11.343 ms

2023-05-16 13:22:56 info: GET 304 /admin/creator-register 159.206 ms

2023-05-16 13:23:14 info: GET 304 /admin/creator-register 48.433 ms

2023-05-16 13:23:15 info: GET 304 /admin/creator-register 11.327 ms

2023-05-16 13:23:20 info: OPTIONS 204 /admin/access_token 0.219 ms

2023-05-16 13:23:20 info: POST 200 /admin/access_token 1.473 ms

2023-05-16 13:23:26 info: GET 304 /admin/creator-register 29.525 ms

2023-05-16 13:23:26 info: GET 304 /admin/creator-register 7.853 ms

2023-05-16 13:23:43 info: GET 304 /admin/creator-register 13.113 ms

2023-05-16 13:23:43 info: GET 304 /admin/creator-register 11.639 ms

2023-05-16 13:23:47 info: GET 304 /admin/creator-register 6.172 ms

2023-05-16 13:24:26 info: GET 304 /admin/creator-register 141.143 ms

2023-05-16 13:24:30 info: GET 304 /admin/creator-register 22.682 ms

2023-05-16 13:24:36 info: GET 304 /admin/admin-validation 15.330 ms

2023-05-16 13:24:37 info: GET 304 /admin/creator-register 45.645 ms

2023-05-16 13:24:41 info: OPTIONS 204 /admin/access_token 0.196 ms

2023-05-16 13:24:41 info: POST 200 /admin/access_token 1.580 ms

2023-05-16 13:24:54 info: GET 304 /admin/creator-register 16.192 ms

2023-05-16 13:25:17 info: GET 304 /admin/creator-register 12.235 ms

2023-05-16 13:25:29 info: GET 304 /admin/creator-register 20.839 ms

2023-05-16 13:25:35 info: GET 304 /admin/creator-register 34.851 ms

2023-05-16 13:25:37 info: GET 304 /admin/creator-register 35.610 ms

2023-05-16 13:26:16 info: POST 200 /creator-register 911.486 ms

2023-05-16 13:27:09 info: POST 200 /creator-register 660.899 ms

2023-05-16 13:27:27 info: POST 200 /creator-register 502.013 ms

2023-05-16 13:30:34 info: GET 304 /admin/admin-validation 31.056 ms

2023-05-16 13:30:36 info: OPTIONS 204 /admin/access_token 0.539 ms

2023-05-16 13:30:36 info: POST 200 /admin/access_token 15.867 ms

2023-05-16 13:30:38 info: GET 304 /admin/creator-register 40.368 ms

2023-05-16 13:32:01 info: GET 200 /admin/creator-register 90.425 ms

2023-05-16 13:32:01 info: GET 304 /admin/creator-register 39.988 ms

2023-05-16 13:32:32 info: GET 304 /admin/creator-register 8.535 ms

2023-05-16 13:32:35 info: GET 304 /admin/creator-register 39.113 ms

2023-05-16 13:32:35 info: GET 304 /admin/creator-register 28.150 ms

2023-05-16 13:32:37 info: GET 304 /admin/creator-register 35.990 ms

2023-05-16 13:32:38 info: GET 304 /admin/creator-register 20.949 ms

2023-05-16 13:37:41 info: GET 304 /admin/creator-register 23.830 ms

2023-05-16 13:38:10 info: GET 304 /admin/creator-register 75.296 ms

2023-05-16 13:38:13 info: GET 304 /admin/creator-register 30.996 ms

2023-05-16 13:38:17 info: GET 304 /admin/creator-register 14.729 ms

2023-05-16 13:38:21 info: GET 304 /admin/creator-register 7.976 ms

2023-05-16 13:38:24 info: GET 304 /admin/creator-register 69.558 ms

2023-05-16 13:38:28 info: GET 304 /admin/creator-register 36.862 ms

2023-05-16 13:38:42 info: GET 304 /admin/creator-register 8.671 ms

2023-05-16 13:38:46 info: GET 304 /admin/creator-register 7.057 ms

2023-05-16 13:38:55 info: GET 304 /admin/creator-register 17.114 ms

2023-05-16 13:38:58 info: GET 304 /admin/creator-register 12.674 ms

2023-05-16 13:39:09 info: GET 304 /admin/creator-register 28.443 ms

2023-05-16 13:39:16 info: GET 304 /admin/creator-register 6.253 ms

2023-05-16 13:39:35 info: GET 304 /admin/creator-register 15.125 ms

2023-05-16 13:39:38 info: GET 304 /admin/creator-register 71.990 ms

2023-05-16 13:39:42 info: GET 304 /admin/creator-register 7.683 ms

2023-05-16 13:40:13 info: GET 304 /admin/creator-register 11.010 ms

2023-05-16 13:41:06 info: GET 304 /admin/creator-register 8.681 ms

2023-05-16 13:41:06 info: GET 304 /admin/creator-register 9.838 ms

2023-05-16 13:41:19 info: GET 304 /admin/creator-register 16.282 ms

2023-05-16 13:41:29 info: GET 304 /admin/creator-register 14.742 ms

2023-05-16 13:41:48 info: GET 304 /admin/creator-register 15.206 ms

2023-05-16 13:41:50 info: GET 304 /admin/creator-register 9.651 ms

2023-05-16 13:41:59 info: GET 304 /admin/creator-register 37.133 ms

2023-05-16 13:42:04 info: GET 304 /admin/creator-register 22.263 ms

2023-05-16 13:42:17 info: GET 304 /admin/creator-register 37.890 ms

2023-05-16 13:42:19 info: GET 304 /admin/creator-register 12.463 ms

2023-05-16 13:42:21 info: GET 304 /admin/creator-register 10.813 ms

2023-05-16 13:42:38 info: GET 304 /admin/creator-register 58.499 ms

2023-05-16 13:42:39 info: GET 304 /admin/creator-register 17.744 ms

2023-05-16 13:42:52 info: GET 304 /admin/admin-validation 23.847 ms

2023-05-16 13:42:52 info: GET 304 /admin/creator-register 11.858 ms

2023-05-16 13:42:56 info: GET 304 /admin/creator-register 7.014 ms

2023-05-16 13:43:09 info: GET 304 /admin/creator-register 6.530 ms

2023-05-16 13:43:31 info: GET 304 /admin/creator-register 8.553 ms

2023-05-16 13:43:36 info: GET 304 /admin/creator-register 7.398 ms

2023-05-16 13:43:51 info: GET 304 /admin/creator-register 5.827 ms

2023-05-16 13:43:57 info: GET 304 /admin/creator-register 81.336 ms

2023-05-16 13:43:58 info: GET 304 /admin/creator-register 26.291 ms

2023-05-16 13:44:00 info: GET 304 /admin/creator-register 6.123 ms

2023-05-16 13:44:05 info: GET 304 /admin/creator-register 6.945 ms

2023-05-16 13:44:21 info: GET 304 /admin/creator-register 33.291 ms

2023-05-16 13:44:21 info: GET 304 /admin/creator-register 38.676 ms

2023-05-16 13:44:25 info: OPTIONS 204 /admin/access_token 0.563 ms

2023-05-16 13:44:25 info: POST 200 /admin/access_token 22.251 ms

2023-05-16 13:44:29 info: GET 304 /admin/creator-register 13.593 ms

2023-05-16 13:44:40 info: GET 304 /admin/creator-register 10.832 ms

2023-05-16 13:44:46 info: GET 304 /admin/admin-validation 115.539 ms

2023-05-16 13:44:47 info: GET 304 /admin/creator-register 45.000 ms

2023-05-16 13:45:01 info: GET 304 /admin/admin-validation 108.758 ms

2023-05-16 13:45:05 info: GET 304 /admin/admin-validation 36.095 ms

2023-05-16 13:45:06 info: GET 304 /admin/creator-register 73.184 ms

2023-05-16 13:45:06 info: GET 304 /admin/creator-register 30.898 ms

2023-05-16 13:45:08 info: OPTIONS 204 /admin/access_token 0.289 ms

2023-05-16 13:45:08 info: POST 200 /admin/access_token 1.753 ms

2023-05-16 13:46:08 info: GET 304 /admin/admin-validation 15.010 ms

2023-05-16 13:46:08 info: GET 304 /admin/creator-register 6.271 ms

2023-05-16 13:46:22 info: GET 304 /admin/creator-register 11.657 ms

2023-05-16 13:46:57 info: GET 304 /admin/creator-register 45.723 ms

2023-05-16 13:47:09 info: GET 304 /admin/creator-register 48.289 ms

2023-05-16 13:47:11 info: GET 304 /admin/creator-register 5.674 ms

2023-05-16 13:47:32 info: GET 304 /admin/admin-validation 8.851 ms

2023-05-16 13:47:32 info: GET 304 /admin/creator-register 14.915 ms

2023-05-16 13:47:39 info: GET 304 /admin/creator-register 6.575 ms

2023-05-16 13:53:40 info: GET 304 /admin/creator-register 209.439 ms

2023-05-16 13:54:05 info: GET 404 /admin/creator-register 32.677 ms

2023-05-16 13:54:09 info: GET 404 /admin/creator-register 16.575 ms

2023-05-16 13:54:10 info: OPTIONS 204 /admin/access_token 0.540 ms

2023-05-16 13:54:10 info: POST 200 /admin/access_token 23.228 ms

2023-05-16 13:54:25 info: GET 404 /admin/creator-register 66.509 ms

2023-05-16 13:54:26 info: GET 404 /admin/creator-register 8.585 ms

2023-05-16 13:54:28 info: GET 404 /admin/creator-register 8.912 ms

2023-05-16 13:54:32 info: GET 404 /admin/creator-register 7.297 ms

2023-05-16 13:54:51 info: GET 404 /admin/creator-register 25.694 ms

2023-05-16 13:54:53 info: GET 404 /admin/creator-register 9.288 ms

2023-05-16 13:54:57 info: GET 404 /admin/creator-register 7.159 ms

2023-05-16 13:55:48 info: GET 304 /admin/admin-validation 67.097 ms

2023-05-16 13:55:48 info: GET 200 /admin/creator-register 15.508 ms

2023-05-16 13:55:50 info: OPTIONS 204 /admin/access_token 0.756 ms

2023-05-16 13:55:50 info: POST 200 /admin/access_token 14.092 ms

2023-05-16 13:56:06 info: GET 304 /admin/creator-register 14.057 ms

2023-05-16 13:56:07 info: GET 304 /admin/creator-register 24.354 ms

2023-05-16 13:56:34 info: GET 304 /admin/creator-register 68.724 ms

2023-05-16 13:57:12 info: GET 304 /admin/creator-register 29.019 ms

2023-05-16 13:57:12 info: GET 304 /admin/creator-register 10.674 ms

2023-05-16 13:57:42 info: GET 304 /admin/admin-validation 7.300 ms

2023-05-16 13:57:42 info: GET 304 /admin/creator-register 15.767 ms

2023-05-16 13:57:58 info: GET 304 /admin/creator-register 5.744 ms

2023-05-16 13:58:09 info: GET 304 /admin/creator-register 12.189 ms

2023-05-16 13:58:13 info: GET 304 /admin/creator-register 18.714 ms

2023-05-16 13:58:19 info: GET 304 /admin/creator-register 19.409 ms

2023-05-16 13:58:25 info: GET 304 /admin/creator-register 6.760 ms

2023-05-16 13:58:34 info: GET 304 /admin/creator-register 7.851 ms

2023-05-16 13:58:36 info: GET 304 /admin/creator-register 11.442 ms

2023-05-16 13:58:37 info: GET 304 /admin/creator-register 30.659 ms

2023-05-16 13:58:38 info: OPTIONS 204 /admin/access_token 0.393 ms

2023-05-16 13:58:38 info: POST 200 /admin/access_token 10.887 ms

2023-05-16 13:58:51 info: GET 304 /admin/creator-register 32.346 ms

2023-05-16 13:58:54 info: GET 304 /admin/creator-register 7.214 ms

2023-05-16 13:58:55 info: GET 304 /admin/creator-register 40.815 ms

2023-05-16 13:58:56 info: GET 304 /admin/creator-register 23.317 ms

2023-05-16 13:58:56 info: GET 304 /admin/creator-register 4.589 ms

2023-05-16 13:59:01 info: GET 304 /admin/creator-register 44.746 ms

2023-05-16 13:59:02 info: GET 304 /admin/creator-register 31.238 ms

2023-05-16 13:59:03 info: GET 304 /admin/creator-register 8.457 ms

2023-05-16 13:59:31 info: GET 304 /admin/creator-register 63.070 ms

2023-05-16 13:59:31 info: GET 304 /admin/creator-register 20.935 ms

2023-05-16 13:59:38 info: GET 304 /admin/creator-register 10.445 ms

2023-05-16 13:59:38 info: GET 304 /admin/creator-register 24.095 ms

2023-05-16 14:00:23 info: GET 304 /admin/creator-register 15.492 ms

2023-05-16 14:00:49 info: GET 304 /admin/creator-register 5.089 ms

2023-05-16 14:00:57 info: GET 304 /admin/creator-register 33.050 ms

2023-05-16 14:01:02 info: GET 304 /admin/creator-register 81.774 ms

2023-05-16 14:01:04 info: GET 304 /admin/creator-register 31.187 ms

2023-05-16 14:01:06 info: GET 304 /admin/creator-register 5.381 ms

2023-05-16 14:01:10 info: GET 304 /admin/creator-register 52.225 ms

2023-05-16 14:01:17 info: GET 304 /admin/creator-register 42.260 ms

2023-05-16 14:01:18 info: GET 304 /admin/creator-register 42.191 ms

2023-05-16 14:01:21 info: GET 304 /admin/creator-register 15.528 ms

2023-05-16 14:01:24 info: GET 304 /admin/creator-register 12.967 ms

2023-05-16 14:02:05 info: GET 304 /admin/creator-register 10.344 ms

2023-05-16 14:02:20 info: GET 304 /admin/creator-register 21.218 ms

2023-05-16 14:02:33 info: GET 304 /admin/creator-register 8.983 ms

2023-05-16 14:02:37 info: GET 304 /admin/creator-register 100.215 ms

2023-05-16 14:02:40 info: GET 304 /admin/creator-register 26.962 ms

2023-05-16 14:02:40 info: GET 304 /admin/creator-register 30.666 ms

2023-05-16 14:03:16 info: POST 200 /creator-register 10994.370 ms

2023-05-16 14:03:22 info: POST 200 /creator-register 1456.858 ms

2023-05-16 14:03:48 info: POST 200 /creator-register 4377.303 ms

2023-05-16 14:05:02 info: POST 200 /creator-register 559.921 ms

2023-05-16 14:05:21 info: POST 200 /creator-register 280.826 ms

2023-05-16 14:07:35 info: POST 404 /creator-register 4324.511 ms

2023-05-16 14:08:27 info: POST 404 /creator-register 5013.443 ms

2023-05-16 14:09:20 info: POST 404 /creator-register 5308.967 ms

2023-05-16 14:10:33 info: POST 404 /creator-register 3809.644 ms

2023-05-16 14:11:19 info: POST 404 /creator-register 9353.038 ms

2023-05-16 14:11:19 info: POST 404 /creator-register 5978.235 ms

2023-05-16 14:14:31 info: POST 404 /creator-register 1615.978 ms

2023-05-16 14:15:14 info: POST 404 /creator-register 2169.525 ms

2023-05-16 14:17:24 info: POST 404 /creator-register 1544.060 ms

2023-05-16 14:17:57 info: POST 404 /creator-register 2731.384 ms

2023-05-16 14:19:29 info: GET 304 /admin/creator-register 107.298 ms

2023-05-16 14:19:37 info: POST 404 /creator-register 2205.838 ms

2023-05-16 14:22:03 info: GET 304 /admin/creator-register 23.813 ms

2023-05-16 14:22:43 info: POST 404 /creator-register 5110.980 ms

2023-05-16 14:34:50 info: GET 304 /admin/creator-register 37.638 ms

2023-05-16 14:36:01 info: POST 404 /creator-register 8699.084 ms

2023-05-16 14:50:41 info: GET 304 /admin/creator-register 85.030 ms

2023-05-16 14:52:32 info: POST 200 /creator-register 497.770 ms

2023-05-16 14:53:36 info: POST 404 /creator-register 625.724 ms

2023-05-16 14:59:53 info: GET 200 /admin/creator-register 78.706 ms

2023-05-16 14:59:55 info: GET 304 /admin/creator-register 21.687 ms

2023-05-16 15:00:39 info: POST 404 /creator-register 15560.303 ms

2023-05-16 15:01:07 info: POST 404 /creator-register 14040.808 ms

2023-05-16 15:01:09 info: POST 404 /creator-register 12954.399 ms

2023-05-16 15:10:26 info: GET 304 /admin/creator-register 36.723 ms

2023-05-16 15:26:56 info: GET 304 /admin/creator-register 44.113 ms

2023-05-16 15:30:21 info: POST 200 /creator-register 1538.323 ms

2023-05-16 15:30:59 info: GET 200 /admin/creator-register 13.242 ms

2023-05-16 15:31:32 info: GET 304 /admin/creator-register 16.910 ms

2023-05-16 15:43:17 info: GET 304 /admin/creator-register 66.197 ms

