2023-05-19 06:01:42 info: GET 304 /admin/creator-register 1768.744 ms

2023-05-19 13:48:00 info: GET 304 /admin/creator-register 1087.395 ms

2023-05-19 13:48:09 info: GET 304 /admin/creator-register 27.623 ms

2023-05-19 13:52:16 info: GET 304 /admin/creator-register 21.921 ms

2023-05-19 13:52:49 info: GET 304 /admin/creator-register 4.881 ms

2023-05-19 13:53:52 info: GET 304 /admin/creator-register 768.962 ms

2023-05-19 14:01:21 info: GET 304 /admin/creator-register 101.081 ms

2023-05-19 14:01:22 info: GET 304 /admin/creator-register 9.852 ms

2023-05-19 14:01:23 info: GET 304 /admin/creator-register 343.078 ms

2023-05-19 14:03:43 info: GET 304 /admin/creator-register 17.631 ms

2023-05-19 14:03:44 info: GET 304 /admin/creator-register 8.992 ms

2023-05-19 14:04:02 info: GET 304 /admin/creator-register 15.488 ms

2023-05-19 14:04:03 info: GET 304 /admin/creator-register 7.051 ms

2023-05-19 14:04:03 info: GET 304 /admin/creator-register 8.843 ms

2023-05-19 14:04:38 info: GET 304 /admin/creator-register 7.165 ms

2023-05-19 14:04:48 info: GET 304 /admin/creator-register 79.492 ms

2023-05-19 14:04:48 info: GET 304 /admin/creator-register 56.979 ms

2023-05-19 14:04:51 info: GET 304 /admin/creator-register 7.225 ms

2023-05-19 14:04:54 info: GET 304 /admin/creator-register 8.824 ms

2023-05-19 14:05:40 info: GET 304 /admin/creator-register 95.961 ms

2023-05-19 14:05:46 info: GET 304 /admin/creator-register 5.065 ms

2023-05-19 14:06:00 info: GET 304 /admin/creator-register 42.108 ms

2023-05-19 14:06:03 info: GET 304 /admin/creator-register 8.373 ms

2023-05-19 14:06:14 info: GET 304 /admin/creator-register 35.160 ms

2023-05-19 14:06:20 info: GET 304 /admin/creator-register 10.280 ms

2023-05-19 14:06:24 info: GET 304 /admin/creator-register 4.395 ms

2023-05-19 14:07:03 info: GET 304 /admin/creator-register 5.681 ms

2023-05-19 14:07:15 info: GET 304 /admin/creator-register 17.672 ms

2023-05-19 14:07:20 info: GET 304 /admin/creator-register 7.245 ms

2023-05-19 14:07:39 info: GET 304 /admin/creator-register 27.488 ms

2023-05-19 14:07:41 info: GET 304 /admin/creator-register 19.517 ms

2023-05-19 14:07:45 info: GET 304 /admin/creator-register 60.385 ms

2023-05-19 14:07:46 info: GET 304 /admin/creator-register 46.835 ms

2023-05-19 14:07:50 info: GET 304 /admin/creator-register 34.793 ms

2023-05-19 14:07:52 info: GET 304 /admin/creator-register 11.827 ms

2023-05-19 14:07:54 info: GET 304 /admin/creator-register 10.470 ms

2023-05-19 14:07:55 info: GET 304 /admin/creator-register 31.339 ms

2023-05-19 14:07:55 info: OPTIONS 204 /admin/approve 3.008 ms

2023-05-19 14:07:56 info: POST 200 /admin/approve 486.229 ms

2023-05-19 14:07:57 info: GET 200 /admin/creator-register 8.846 ms

2023-05-19 14:08:01 info: GET 304 /admin/creator-register 46.731 ms

2023-05-19 14:08:10 info: GET 304 /admin/creator-register 7.235 ms

2023-05-19 14:14:55 info: GET 304 /admin/admin-validation 42.680 ms

2023-05-19 14:15:09 info: OPTIONS 204 /admin/access_token 0.502 ms

2023-05-19 14:15:09 info: POST 200 /admin/access_token 16.614 ms

2023-05-19 14:15:09 info: GET 304 /admin/creator-register 13.078 ms

2023-05-19 14:15:12 info: OPTIONS 204 /admin/deleteRegister 0.239 ms

2023-05-19 14:15:12 info: GET 304 /admin/creator-register 13.642 ms

2023-05-19 14:15:14 info: GET 304 /admin/creator-register 11.176 ms

2023-05-19 14:17:35 info: GET 304 /admin/creator-register 46.461 ms

2023-05-19 14:17:35 info: GET 304 /admin/creator-register 28.562 ms

2023-05-19 14:17:37 info: OPTIONS 204 /admin/deleteRegister 0.510 ms

2023-05-19 14:17:37 info: POST 200 /admin/deleteRegister 39.109 ms

2023-05-19 14:17:38 info: GET 200 /admin/creator-register 9.826 ms

2023-05-19 14:21:17 info: GET 304 /admin/creator-register 34.560 ms

2023-05-19 14:21:17 info: GET 304 /admin/creator-register 26.697 ms

2023-05-19 14:21:19 info: GET 304 /admin/creator-register 25.148 ms

2023-05-19 14:21:20 info: GET 304 /admin/creator-register 12.432 ms

2023-05-19 14:21:21 info: GET 304 /admin/creator-register 5.477 ms

2023-05-19 14:22:56 info: GET 304 /admin/creator-register 8.902 ms

2023-05-19 14:22:59 info: GET 304 /admin/creator-register 11.042 ms

2023-05-19 14:23:01 info: GET 304 /admin/creator-register 9.356 ms

2023-05-19 14:23:01 info: GET 304 /admin/creator-register 26.978 ms

2023-05-19 14:24:05 info: GET 304 /admin/creator-register 10.004 ms

2023-05-19 14:24:06 info: GET 304 /admin/creator-register 53.819 ms

2023-05-19 14:24:08 info: GET - /admin/creator-register - ms

2023-05-19 14:24:31 info: POST 200 /creator-register 360.731 ms

2023-05-19 14:25:07 info: GET 304 /admin/admin-validation 10.552 ms

2023-05-19 14:25:10 info: OPTIONS 204 /admin/access_token 0.393 ms

2023-05-19 14:25:11 info: POST 200 /admin/access_token 16.652 ms

2023-05-19 14:25:12 info: GET 200 /admin/creator-register 7.146 ms

2023-05-19 14:25:16 info: GET 304 /admin/creator-register 10.191 ms

2023-05-19 14:25:18 info: GET 304 /admin/creator-register 12.006 ms

2023-05-19 14:25:36 info: GET 304 /admin/creator-register 17.472 ms

2023-05-19 14:25:36 info: GET 304 /admin/creator-register 21.556 ms

2023-05-19 14:26:19 info: GET 304 /admin/creator-register 14.888 ms

2023-05-19 14:26:20 info: GET 304 /admin/creator-register 34.125 ms

2023-05-19 14:26:26 info: OPTIONS 204 /admin/register-reject 0.185 ms

2023-05-19 14:26:28 info: GET 304 /admin/creator-register 18.162 ms

2023-05-19 14:43:21 info: GET 304 /admin/creator-register 51.215 ms

2023-05-19 14:44:04 info: GET 304 /admin/creator-register 19.977 ms

2023-05-19 14:44:05 info: GET 304 /admin/creator-register 14.200 ms

2023-05-19 14:44:06 info: GET 304 /admin/creator-register 31.857 ms

2023-05-19 14:44:38 info: OPTIONS 204 /admin/register-reject 0.356 ms

2023-05-19 14:44:38 info: POST 404 /admin/register-reject 23.567 ms

2023-05-19 14:44:46 info: GET 304 /admin/creator-register 10.612 ms

2023-05-19 14:44:47 info: GET 304 /admin/creator-register 14.574 ms

2023-05-19 14:45:14 info: GET 304 /admin/creator-register 59.220 ms

2023-05-19 14:45:15 info: GET 304 /admin/creator-register 9.111 ms

2023-05-19 14:45:15 info: OPTIONS 204 /admin/register-reject 0.510 ms

2023-05-19 14:45:15 info: POST 404 /admin/register-reject 28.227 ms

2023-05-19 14:45:53 info: GET 304 /admin/creator-register 55.685 ms

2023-05-19 14:45:53 info: GET 304 /admin/creator-register 51.550 ms

2023-05-19 14:45:54 info: OPTIONS 204 /admin/register-reject 0.716 ms

2023-05-19 14:45:54 info: POST 404 /admin/register-reject 26.440 ms

2023-05-19 14:46:27 info: GET 304 /admin/creator-register 48.025 ms

2023-05-19 14:46:27 info: GET 304 /admin/creator-register 33.911 ms

2023-05-19 14:46:28 info: OPTIONS 204 /admin/register-reject 0.453 ms

2023-05-19 14:46:28 info: POST 200 /admin/register-reject 56.369 ms

2023-05-19 14:46:35 info: GET 200 /admin/creator-register 13.114 ms

2023-05-19 14:46:35 info: GET 304 /admin/creator-register 14.115 ms

2023-05-19 14:46:36 info: GET 304 /admin/creator-register 12.128 ms

2023-05-19 14:47:06 info: GET 304 /admin/creator-register 8.354 ms

2023-05-19 14:47:07 info: GET 304 /admin/creator-register 23.560 ms

2023-05-19 14:47:09 info: GET 304 /admin/creator-register 12.505 ms

2023-05-19 14:47:12 info: GET 304 /admin/creator-register 15.084 ms

2023-05-19 14:47:12 info: GET 304 /admin/creator-register 18.504 ms

2023-05-19 14:51:08 info: GET 304 /admin/creator-register 48.032 ms

2023-05-19 14:51:56 info: GET 304 /admin/creator-register 42.110 ms

2023-05-19 14:51:59 info: GET 304 /admin/creator-register 23.012 ms

2023-05-19 14:52:22 info: GET 304 /admin/creator-register 5.222 ms

2023-05-19 14:52:40 info: GET 304 /admin/creator-register 623.109 ms

2023-05-19 14:52:43 info: GET 304 /admin/creator-register 54.019 ms

2023-05-19 14:52:44 info: GET 304 /admin/creator-register 6.504 ms

2023-05-19 14:53:29 info: GET 304 /admin/creator-register 50.009 ms

2023-05-19 14:53:31 info: GET 304 /admin/creator-register 22.882 ms

2023-05-19 14:53:41 info: OPTIONS 204 /admin/deleteRegister 0.296 ms

2023-05-19 14:53:41 info: POST 200 /admin/deleteRegister 65.577 ms

2023-05-19 14:53:41 info: GET 200 /admin/creator-register 6.360 ms

2023-05-19 14:53:44 info: GET 304 /admin/creator-register 10.315 ms

2023-05-19 14:54:48 info: GET 304 /admin/creator-register 53.603 ms

2023-05-19 14:54:59 info: GET 304 /admin/creator-register 67.334 ms

2023-05-19 14:54:59 info: GET 304 /admin/creator-register 109.718 ms

2023-05-19 14:56:54 info: GET 304 /admin/creator-register 38.613 ms

2023-05-19 14:56:55 info: GET 304 /admin/creator-register 34.869 ms

2023-05-19 14:56:57 info: GET 304 /admin/creator-register 33.417 ms

2023-05-19 15:17:29 info: GET 304 /admin/admin-validation 70.374 ms

2023-05-19 15:17:32 info: OPTIONS 204 /admin/access_token 0.511 ms

2023-05-19 15:17:32 info: POST 200 /admin/access_token 20.864 ms

2023-05-19 15:17:33 info: GET 304 /admin/creator-register 7.893 ms

2023-05-19 15:17:41 info: GET 304 /admin/creator-register 18.942 ms

2023-05-19 15:17:41 info: GET 304 /admin/creator-register 39.908 ms

2023-05-19 15:17:43 info: GET - /admin/creator-register - ms

2023-05-19 15:18:30 info: POST 404 /creator-register 657.144 ms

2023-05-19 15:19:57 info: POST 404 /creator-register 485.401 ms

2023-05-19 15:21:26 info: POST 404 /creator-register 700.629 ms

2023-05-19 15:22:15 info: GET 304 /admin/admin-validation 21.898 ms

2023-05-19 15:22:23 info: OPTIONS 204 /admin/access_token 0.454 ms

2023-05-19 15:22:23 info: POST 200 /admin/access_token 14.874 ms

2023-05-19 15:22:24 info: GET 200 /admin/creator-register 10.832 ms

2023-05-19 15:22:26 info: OPTIONS 204 /admin/approve 0.324 ms

2023-05-19 15:22:26 info: POST 404 /admin/approve 5.259 ms

2023-05-19 15:22:31 info: GET 304 /admin/creator-register 43.223 ms

2023-05-19 15:22:31 info: GET 304 /admin/creator-register 33.485 ms

2023-05-19 15:22:32 info: OPTIONS 204 /admin/approve 0.285 ms

2023-05-19 15:22:32 info: POST 404 /admin/approve 3.453 ms

2023-05-19 15:22:33 info: GET 304 /admin/creator-register 50.988 ms

2023-05-19 15:22:42 info: GET 304 /admin/creator-register 7.459 ms

2023-05-19 15:22:44 info: GET 304 /admin/creator-register 23.058 ms

2023-05-19 15:22:45 info: GET 304 /admin/creator-register 22.282 ms

2023-05-19 15:22:45 info: OPTIONS 204 /admin/approve 0.192 ms

2023-05-19 15:22:45 info: POST 404 /admin/approve 3.207 ms

2023-05-19 15:22:47 info: GET 304 /admin/creator-register 59.351 ms

2023-05-19 15:22:47 info: GET 304 /admin/creator-register 16.556 ms

2023-05-19 15:22:51 info: GET 304 /admin/creator-register 35.201 ms

2023-05-19 15:22:52 info: GET 304 /admin/creator-register 24.834 ms

2023-05-19 15:24:16 info: GET 304 /admin/creator-register 150.628 ms

2023-05-19 15:24:17 info: GET 304 /admin/creator-register 24.809 ms

2023-05-19 15:24:17 info: OPTIONS 204 /admin/approve 0.908 ms

2023-05-19 15:24:17 info: POST 404 /admin/approve 18.857 ms

2023-05-19 15:24:47 info: GET 200 /admin/creator-register 46.676 ms

2023-05-19 15:24:47 info: GET 304 /admin/creator-register 26.467 ms

2023-05-19 15:24:49 info: GET - /admin/creator-register - ms

2023-05-19 15:25:16 info: POST 404 /creator-register 676.342 ms

2023-05-19 15:26:00 info: POST 404 /creator-register 797.339 ms

2023-05-19 15:26:35 info: POST 200 /creator-register 1563.783 ms

2023-05-19 15:26:52 info: GET 304 /admin/admin-validation 92.109 ms

2023-05-19 15:26:54 info: OPTIONS 204 /admin/access_token 0.446 ms

2023-05-19 15:26:54 info: POST 200 /admin/access_token 15.493 ms

2023-05-19 15:26:55 info: GET 200 /admin/creator-register 9.233 ms

2023-05-19 15:26:57 info: OPTIONS 204 /admin/approve 0.234 ms

2023-05-19 15:26:58 info: POST 200 /admin/approve 132.033 ms

2023-05-19 15:27:07 info: GET 200 /admin/creator-register 78.292 ms

2023-05-19 15:27:08 info: GET 304 /admin/creator-register 25.442 ms

2023-05-19 15:27:29 info: GET 304 /admin/creator-register 12.775 ms

2023-05-19 15:27:29 info: GET 304 /admin/creator-register 15.639 ms

2023-05-19 15:29:49 info: GET 304 /admin/creator-register 44.469 ms

2023-05-19 15:29:50 info: GET 304 /admin/creator-register 25.277 ms

2023-05-19 15:30:01 info: OPTIONS 204 /admin/deleteRegister 0.378 ms

2023-05-19 15:30:01 info: POST 200 /admin/deleteRegister 9.221 ms

2023-05-19 15:30:01 info: GET 200 /admin/creator-register 6.419 ms

2023-05-19 15:30:12 info: GET 304 /admin/creator-register 34.356 ms

2023-05-19 15:30:13 info: GET 304 /admin/creator-register 20.555 ms

2023-05-19 15:30:14 info: GET - /admin/creator-register - ms

2023-05-19 15:32:26 info: POST 404 /creator-register 253.209 ms

2023-05-19 15:33:15 info: POST 200 /creator-register 285.677 ms

2023-05-19 15:38:22 info: GET 304 /admin/admin-validation 30.628 ms

2023-05-19 15:38:27 info: OPTIONS 204 /admin/access_token 0.638 ms

2023-05-19 15:38:27 info: POST 200 /admin/access_token 24.890 ms

2023-05-19 15:38:28 info: GET 200 /admin/creator-register 8.876 ms

2023-05-19 15:38:53 info: GET 304 /admin/admin-validation 16.698 ms

2023-05-19 15:39:06 info: OPTIONS 204 /admin/access_token 0.211 ms

2023-05-19 15:39:06 info: POST 200 /admin/access_token 1.095 ms

2023-05-19 15:39:06 info: GET 304 /admin/creator-register 13.805 ms

2023-05-19 15:39:08 info: GET 304 /admin/creator-register 55.254 ms

2023-05-19 15:39:35 info: GET 304 /admin/creator-register 85.038 ms

2023-05-19 15:39:36 info: GET 304 /admin/creator-register 168.493 ms

2023-05-19 15:39:39 info: GET 304 /admin/creator-register 27.696 ms

2023-05-19 15:39:55 info: GET 304 /admin/creator-register 12.237 ms

2023-05-19 15:40:04 info: GET 304 /admin/creator-register 24.940 ms

2023-05-19 15:40:26 info: GET 304 /admin/creator-register 24.649 ms

2023-05-19 15:40:31 info: GET 304 /admin/creator-register 9.575 ms

2023-05-19 15:40:51 info: GET 304 /admin/creator-register 7.274 ms

2023-05-19 15:41:05 info: GET 304 /admin/creator-register 7.135 ms

2023-05-19 15:41:11 info: GET 304 /admin/creator-register 84.909 ms

2023-05-19 15:41:12 info: GET 304 /admin/creator-register 28.063 ms

2023-05-19 15:41:16 info: GET 304 /admin/creator-register 32.333 ms

2023-05-19 15:41:17 info: GET 304 /admin/creator-register 39.532 ms

2023-05-19 15:41:18 info: GET 304 /admin/creator-register 32.812 ms

2023-05-19 15:41:22 info: OPTIONS 204 /admin/approve 0.213 ms

2023-05-19 15:41:22 info: POST 200 /admin/approve 200.378 ms

2023-05-19 15:41:42 info: GET 200 /admin/creator-register 7.322 ms

2023-05-19 15:41:50 info: GET 304 /admin/creator-register 16.684 ms

2023-05-19 15:41:54 info: GET 304 /admin/creator-register 14.004 ms

2023-05-19 15:42:03 info: GET 304 /admin/creator-register 9.197 ms

2023-05-19 15:42:06 info: OPTIONS 204 /admin/deleteRegister 0.221 ms

2023-05-19 15:42:06 info: POST 200 /admin/deleteRegister 9.051 ms

2023-05-19 15:42:06 info: GET 200 /admin/creator-register 7.190 ms

2023-05-19 15:42:09 info: GET - /admin/creator-register - ms

2023-05-19 15:42:31 info: POST 404 /creator-register 227.762 ms

2023-05-19 15:42:38 info: POST 200 /creator-register 298.304 ms

2023-05-19 15:42:46 info: GET 304 /admin/admin-validation 12.305 ms

2023-05-19 15:42:48 info: OPTIONS 204 /admin/access_token 0.211 ms

2023-05-19 15:42:48 info: POST 200 /admin/access_token 0.914 ms

2023-05-19 15:42:49 info: GET 200 /admin/creator-register 6.561 ms

2023-05-19 15:42:58 info: GET 304 /admin/creator-register 20.207 ms

2023-05-19 15:42:58 info: OPTIONS 204 /admin/approve 0.237 ms

2023-05-19 15:42:58 info: POST 200 /admin/approve 94.095 ms

2023-05-19 15:43:23 info: GET 200 /admin/creator-register 37.527 ms

2023-05-19 15:43:24 info: GET 304 /admin/creator-register 18.822 ms

2023-05-19 15:43:40 info: OPTIONS 204 /admin/deleteRegister 0.296 ms

2023-05-19 15:43:40 info: POST 200 /admin/deleteRegister 43.731 ms

2023-05-19 15:43:40 info: GET 200 /admin/creator-register 5.035 ms

2023-05-19 15:43:43 info: GET - /admin/creator-register - ms

2023-05-19 16:47:13 info: OPTIONS 204 /login 3.064 ms

2023-05-19 16:47:13 info: POST 404 /login 31.691 ms

2023-05-19 16:50:38 info: OPTIONS 204 /login 2.251 ms

2023-05-19 16:50:38 info: POST 404 /login 18.696 ms

2023-05-19 16:51:18 info: OPTIONS 204 /login 0.206 ms

2023-05-19 16:51:18 info: POST 404 /login 2.018 ms

2023-05-19 16:52:47 info: OPTIONS 204 /login 1.667 ms

2023-05-19 16:52:47 info: POST 404 /login 4.725 ms

